d:\пгту\ood-labs\lw2d\x64\debug\vc143.pdb
d:\пгту\ood-labs\lw2d\x64\debug\vc143.idb
d:\пгту\ood-labs\lw2d\x64\debug\filloutlinestate.obj
d:\пгту\ood-labs\lw2d\x64\debug\filloutlinecommand.obj
d:\пгту\ood-labs\lw2d\x64\debug\dndstate.obj
d:\пгту\ood-labs\lw2d\x64\debug\crectangle.obj
d:\пгту\ood-labs\lw2d\x64\debug\command.obj
d:\пгту\ood-labs\lw2d\x64\debug\cfigureshandler.obj
d:\пгту\ood-labs\lw2d\x64\debug\draganddropcommand.obj
d:\пгту\ood-labs\lw2d\x64\debug\createtrianglecommand.obj
d:\пгту\ood-labs\lw2d\x64\debug\createrectanglecommand.obj
d:\пгту\ood-labs\lw2d\x64\debug\cconvex.obj
d:\пгту\ood-labs\lw2d\x64\debug\ccompositeshape.obj
d:\пгту\ood-labs\lw2d\x64\debug\ccircle.obj
d:\пгту\ood-labs\lw2d\x64\debug\createcirclecommand.obj
d:\пгту\ood-labs\lw2d\x64\debug\button.obj
d:\пгту\ood-labs\lw2d\x64\debug\addoutlinethicknesscommand.obj
d:\пгту\ood-labs\lw2d\x64\debug\toolbar.obj
d:\пгту\ood-labs\lw2d\x64\debug\state.obj
d:\пгту\ood-labs\lw2d\x64\debug\shapeop.obj
d:\пгту\ood-labs\lw2d\x64\debug\setredcolorcommand.obj
d:\пгту\ood-labs\lw2d\x64\debug\setgreencolorcommand.obj
d:\пгту\ood-labs\lw2d\x64\debug\setbluecolorcommand.obj
d:\пгту\ood-labs\lw2d\x64\debug\reducethicknesscommand.obj
d:\пгту\ood-labs\lw2d\x64\debug\lw1.obj
d:\пгту\ood-labs\lw2d\x64\debug\fillshapestate.obj
d:\пгту\ood-labs\lw2d\x64\debug\fillshapecommand.obj
d:\пгту\ood-labs\lw2d\x64\debug\lw1.exe
d:\пгту\ood-labs\lw2d\x64\debug\lw1.ilk
d:\пгту\ood-labs\lw2d\x64\debug\lw1.pdb
d:\пгту\ood-labs\lw2d\x64\debug\lw1.tlog\cl.command.1.tlog
d:\пгту\ood-labs\lw2d\x64\debug\lw1.tlog\cl.items.tlog
d:\пгту\ood-labs\lw2d\x64\debug\lw1.tlog\cl.read.1.tlog
d:\пгту\ood-labs\lw2d\x64\debug\lw1.tlog\cl.write.1.tlog
d:\пгту\ood-labs\lw2d\x64\debug\lw1.tlog\link.command.1.tlog
d:\пгту\ood-labs\lw2d\x64\debug\lw1.tlog\link.read.1.tlog
d:\пгту\ood-labs\lw2d\x64\debug\lw1.tlog\link.write.1.tlog
